error: 04-25-2022 14:57:46: checked!! 
error: 04-25-2022 14:59:07: checked!! 
error: 04-25-2022 15:00:36: checked!! 
error: 04-25-2022 15:02:48: checked!! 
error: 04-25-2022 15:18:02: checked!! 
error: 04-25-2022 15:18:19: checked!! 
error: 04-25-2022 15:18:31: checked!! 
error: 04-25-2022 15:18:42: checked!! 
error: 04-25-2022 15:19:02: checked!! 
error: 04-25-2022 15:23:46: checked!! 
error: 04-25-2022 15:26:44: checked!! 
error: 04-25-2022 15:29:53: checked!! 
error: 04-25-2022 15:33:09: checked!! 
error: 04-25-2022 15:39:12: checked!! 
error: 04-25-2022 16:17:52: checked!! 
error: 04-25-2022 16:19:42: checked!! 
error: 04-25-2022 16:20:38: checked!!
error: 04-25-2022 16:22:44: checked!! 
error: 04-25-2022 16:23:31: checked!! 
error: 04-25-2022 16:23:39: user validation failed: password: Path `password` is required. 
error: 04-25-2022 16:25:52: checked!! 
error: 04-25-2022 16:26:40: checked!! 
error: 04-25-2022 16:27:01: checked!! 
error: 04-25-2022 16:38:43: checked!! 
error: 04-25-2022 16:40:38: checked!! 
error: 04-25-2022 16:56:01: checked!! 
error: 04-25-2022 17:00:04: checked!! 
error: 04-25-2022 17:01:41: checked!! 
error: 04-25-2022 17:10:57: checked!! 
error: 04-25-2022 17:15:08: checked!! 
error: 04-25-2022 17:18:17: checked!! 
error: 04-26-2022 14:35:28: checked!! 
error: 04-27-2022 14:34:29: checked!! 
error: 04-27-2022 14:41:58: checked!! 
error: 04-27-2022 14:47:32: checked!! 
error: 04-27-2022 14:50:22: checked!! 
error: 04-27-2022 14:52:49: checked!! 
error: 04-27-2022 14:53:49: checked!! 
error: 04-27-2022 14:54:34: checked!! 
error: 04-27-2022 14:54:58: checked!! 
error: 04-27-2022 14:55:51: checked!! 
error: 04-27-2022 14:56:41: checked!! 
error: 04-27-2022 14:58:46: checked!! 
error: 04-27-2022 14:59:08: checked!! 
error: 04-27-2022 14:59:32: checked!! 
error: 04-27-2022 14:59:43: checked!! 
error: 04-27-2022 15:01:58: OrderModel is not defined 
error: 04-27-2022 15:03:29: checked!! 
error: 04-27-2022 15:05:43: checked!! 
error: 04-27-2022 15:07:31: checked!! 
error: 04-27-2022 15:08:50: productModel is not defined 
error: 04-27-2022 15:10:27: checked!! 
error: 04-27-2022 15:10:53: checked!! 
error: 04-27-2022 15:11:11: checked!! 
error: 04-27-2022 15:12:53: productModel is not defined 
error: 04-27-2022 15:14:24: checked!! 
error: 04-27-2022 15:14:52: Cannot access 'product' before initialization 
error: 04-27-2022 15:15:24: checked!! 
error: 04-27-2022 15:20:30: checked!! 
error: 04-27-2022 15:20:50: checked!! 
error: 04-27-2022 15:25:54: checked!! 
error: 04-27-2022 15:32:41: checked!! 
error: 04-27-2022 15:34:43: checked!! 
error: 04-27-2022 15:36:32: checked!! 
error: 04-27-2022 15:38:27: checked!! 
error: 04-27-2022 15:38:55: checked!! 
error: 04-27-2022 15:39:10: checked!! 
error: 04-27-2022 15:39:55: checked!! 
error: 04-27-2022 15:40:50: checked!! 
error: 04-27-2022 15:41:38: checked!! 
error: 04-27-2022 15:42:27: checked!! 
error: 04-27-2022 15:43:21: checked!! 
error: 04-27-2022 15:43:25: Cannot populate path `orders` because it is not in your schema. Set the `strictPopulate` option to false to override. 
error: 04-27-2022 15:44:07: checked!! 
error: 04-27-2022 15:45:21: checked!! 
error: 04-27-2022 15:47:00: checked!! 
error: 04-27-2022 15:50:40: checked!! 
error: 04-27-2022 15:52:02: checked!! 
error: 04-27-2022 15:52:26: checked!! 
error: 04-27-2022 15:53:15: checked!! 
error: 04-27-2022 15:54:44: checked!! 
error: 04-27-2022 15:55:28: checked!! 
error: 04-27-2022 16:04:52: checked!! 
error: 04-27-2022 16:05:32: checked!! 
error: 04-27-2022 16:06:22: Argument passed in must be a string of 12 bytes or a string of 24 hex characters or an integer 
error: 04-27-2022 16:07:51: checked!! 
error: 04-27-2022 16:09:15: checked!! 
error: 04-27-2022 16:10:30: checked!! 
error: 04-27-2022 16:11:25: checked!! 
error: 04-27-2022 16:12:46: checked!! 
error: 04-27-2022 16:13:14: checked!! 
error: 05-02-2022 13:27:10: checked!! 
error: 05-02-2022 13:29:25: checked!! 
error: 05-02-2022 13:30:58: checked!! 
error: 05-02-2022 13:33:32: Cast to ObjectId failed for value "624452911ea60c418d468d9" (type string) at path "_id" for model "product" 
error: 05-02-2022 13:35:05: checked!! 
error: 05-02-2022 13:35:21: Argument passed in must be a string of 12 bytes or a string of 24 hex characters or an integer 
error: 05-02-2022 13:36:15: checked!! 
error: 05-02-2022 13:36:39: Cast to ObjectId failed for value "624452911ea60c418d468d9" (type string) at path "_id" for model "product" 
error: 05-02-2022 13:37:45: checked!! 
error: 05-02-2022 13:39:10: checked!! 
error: 05-02-2022 13:39:17: Cast to ObjectId failed for value "{ _id: '624452911ea60c418d468d9' }" (type Object) at path "_id" for model "product" 
error: 05-02-2022 13:41:12: checked!! 
error: 05-02-2022 13:45:22: checked!! 
error: 05-02-2022 13:47:32: checked!! 
error: 05-02-2022 13:52:48: checked!! 
error: 05-02-2022 13:52:48: Cast to ObjectId failed for value "{ price: '43' }" (type Object) at path "_id" for model "product" 
error: 05-02-2022 13:53:51: checked!! 
error: 05-02-2022 13:54:17: checked!! 
error: 05-02-2022 13:55:10: checked!! 
error: 05-02-2022 13:55:11: Cast to ObjectId failed for value "43" (type string) at path "category" for model "product" 
error: 05-02-2022 13:59:18: checked!! 
error: 05-02-2022 14:04:33: checked!! 
error: 05-02-2022 14:15:45: checked!! 
error: 05-02-2022 14:16:31: Argument passed in must be a string of 12 bytes or a string of 24 hex characters or an integer 
error: 05-02-2022 14:17:28: user validation failed: email: Please enter a valid email address 
error: 05-02-2022 14:17:54: checked!! 
error: 05-02-2022 14:18:02: user validation failed: email: Please💌 enter a valid email address 
error: 05-02-2022 14:22:00: checked!! 
error: 05-02-2022 14:23:26: checked!! 
error: 05-02-2022 14:24:02: checked!! 
error: 05-02-2022 14:26:15: checked!! 
error: 05-02-2022 14:27:19: checked!! 
error: 05-02-2022 14:29:24: checked!! 
error: 05-02-2022 14:40:25: checked!! 
error: 05-02-2022 14:43:45: checked!! 
error: 05-02-2022 14:45:10: checked!! 
error: 05-02-2022 14:46:55: checked!! 
error: 05-02-2022 14:47:11: checked!! 
error: 05-02-2022 14:47:22: checked!! 
error: 05-02-2022 14:47:45: checked!! 
error: 05-02-2022 14:48:14: checked!! 
error: 05-02-2022 14:48:36: checked!! 
error: 05-02-2022 15:13:35: checked!! 
error: 05-02-2022 15:27:03: checked!! 
error: 05-02-2022 15:30:26: checked!! 
error: 05-02-2022 15:35:02: checked!! 
error: 05-02-2022 15:35:43: checked!! 
error: 05-02-2022 15:39:51: checked!! 
error: 05-02-2022 15:41:05: checked!! 
error: 05-02-2022 15:41:50: checked!! 
error: 05-02-2022 17:12:51: checked!! 
error: 05-03-2022 14:23:19: checked!! 
error: 05-03-2022 14:24:23: checked!! 
error: 05-03-2022 14:45:14: checked!! 
error: 05-03-2022 14:48:27: checked!! 
error: 05-03-2022 14:53:55: checked!! 
error: 05-03-2022 14:57:08: checked!! 
error: 05-03-2022 14:57:58: checked!! 
error: 05-03-2022 14:59:55: checked!! 
error: 05-03-2022 15:00:31: checked!! 
error: 05-03-2022 15:09:39: checked!! 
error: 05-03-2022 15:16:24: checked!! 
error: 05-03-2022 17:56:18: checked!! 
error: 05-03-2022 19:32:39: checked!! 
error: 05-03-2022 19:45:54: checked!! 
error: 05-03-2022 19:47:03: checked!! 
error: 05-03-2022 19:47:25: checked!! 
error: 05-03-2022 20:54:50: Argument passed in must be a string of 12 bytes or a string of 24 hex characters or an integer 
